
> mip-enterprise-intelligence-ui@0.1.0 dev
> vite --host 127.0.0.1 --port 5202

Port 5202 is in use, trying another one...

  [32m[1mVITE[22m v5.4.21[39m  [2mready in [0m[1m5903[22m[2m[0m ms[22m

  [32m➜[39m  [1mLocal[22m:   [2m11:08:48 PM[22m [36m[1m[vite][22m[39m [32mhmr update [39m[2m/src/main.jsx[22m
[2m11:08:53 PM[22m [36m[1m[vite][22m[39m [33mhmr invalidate [39m[2m/src/main.jsx[22m Could not Fast Refresh ("true" export is incompatible). Learn more at https://github.com/vitejs/vite-plugin-react/tree/main/packages/plugin-react#consistent-components-exports
[2m11:08:53 PM[22m [36m[1m[vite][22m[39m [32mpage reload [39m[2msrc/main.jsx[22m
[2m12:46:46 PM[22m [36m[1m[vite][22m[39m [32mhmr update [39m[2m/src/main.jsx[22m
[2m12:46:52 PM[22m [36m[1m[vite][22m[39m [33mhmr invalidate [39m[2m/src/main.jsx[22m Could not Fast Refresh ("true" export is incompatible). Learn more at https://github.com/vitejs/vite-plugin-react/tree/main/packages/plugin-react#consistent-components-exports
[2m12:46:52 PM[22m [36m[1m[vite][22m[39m [32mpage reload [39m[2msrc/main.jsx[22m
[2m12:47:59 PM[22m [36m[1m[vite][22m[39m [32mhmr update [39m[2m/src/main.jsx[22m
[2m12:48:01 PM[22m [36m[1m[vite][22m[39m [33mhmr invalidate [39m[2m/src/main.jsx[22m Could not Fast Refresh ("true" export is incompatible). Learn more at https://github.com/vitejs/vite-plugin-react/tree/main/packages/plugin-react#consistent-components-exports
[2m12:48:01 PM[22m [36m[1m[vite][22m[39m [32mpage reload [39m[2msrc/main.jsx[22m
[2m12:48:21 PM[22m [36m[1m[vite][22m[39m [32mhmr update [39m[2m/src/main.jsx[22m
[2m12:48:23 PM[22m [36m[1m[vite][22m[39m [33mhmr invalidate [39m[2m/src/main.jsx[22m Could not Fast Refresh ("true" export is incompatible). Learn more at https://github.com/vitejs/vite-plugin-react/tree/main/packages/plugin-react#consistent-components-exports
[2m12:48:23 PM[22m [36m[1m[vite][22m[39m [32mpage reload [39m[2msrc/main.jsx[22m
[2m12:48:58 PM[22m [36m[1m[vite][22m[39m [32mhmr update [39m[2m/src/styles.css[22m
[2m12:48:58 PM[22m [36m[1m[vite][22m[39m [32mhmr update [39m[2m/src/styles.css[22m
[2m12:49:10 PM[22m [36m[1m[vite][22m[39m [32mhmr update [39m[2m/src/main.jsx[22m
[2m12:49:11 PM[22m [36m[1m[vite][22m[39m [33mhmr invalidate [39m[2m/src/main.jsx[22m Could not Fast Refresh ("true" export is incompatible). Learn more at https://github.com/vitejs/vite-plugin-react/tree/main/packages/plugin-react#consistent-components-exports
[2m12:49:11 PM[22m [36m[1m[vite][22m[39m [32mpage reload [39m[2msrc/main.jsx[22m
[2m6:56:12 PM[22m [36m[1m[vite][22m[39m [32mhmr update [39m[2m/src/main.jsx[22m
[2m6:56:30 PM[22m [36m[1m[vite][22m[39m [33mhmr invalidate [39m[2m/src/main.jsx[22m Could not Fast Refresh ("true" export is incompatible). Learn more at https://github.com/vitejs/vite-plugin-react/tree/main/packages/plugin-react#consistent-components-exports
[2m6:56:30 PM[22m [36m[1m[vite][22m[39m [32mpage reload [39m[2msrc/main.jsx[22m
