INFO:     Started server process [29860]
INFO:     Waiting for application startup.
INFO:     Application startup complete.
INFO:     Uvicorn running on http://127.0.0.1:8059 (Press CTRL+C to quit)
ERROR:    Exception in ASGI application
Traceback (most recent call last):
  File "C:\Users\srika\AppData\Local\Programs\Python\Python311\Lib\site-packages\uvicorn\protocols\http\h11_impl.py", line 415, in run_asgi
    result = await app(  # type: ignore[func-returns-value]
             ^^^^^^^^^^^^^^^^^^^^^^^^^^^^^^^^^^^^^^^^^^^^^^
  File "C:\Users\srika\AppData\Local\Programs\Python\Python311\Lib\site-packages\uvicorn\middleware\proxy_headers.py", line 62, in __call__
    return await self.app(scope, receive, send)
           ^^^^^^^^^^^^^^^^^^^^^^^^^^^^^^^^^^^^
  File "C:\Users\srika\AppData\Local\Programs\Python\Python311\Lib\site-packages\fastapi\applications.py", line 1162, in __call__
    await super().__call__(scope, receive, send)
  File "C:\Users\srika\AppData\Local\Programs\Python\Python311\Lib\site-packages\starlette\applications.py", line 90, in __call__
    await self.middleware_stack(scope, receive, send)
  File "C:\Users\srika\AppData\Local\Programs\Python\Python311\Lib\site-packages\starlette\middleware\errors.py", line 186, in __call__
    raise exc
  File "C:\Users\srika\AppData\Local\Programs\Python\Python311\Lib\site-packages\starlette\middleware\errors.py", line 164, in __call__
    await self.app(scope, receive, _send)
  File "C:\Users\srika\AppData\Local\Programs\Python\Python311\Lib\site-packages\starlette\middleware\cors.py", line 88, in __call__
    await self.app(scope, receive, send)
  File "C:\Users\srika\AppData\Local\Programs\Python\Python311\Lib\site-packages\starlette\middleware\exceptions.py", line 63, in __call__
    await wrap_app_handling_exceptions(self.app, conn)(scope, receive, send)
  File "C:\Users\srika\AppData\Local\Programs\Python\Python311\Lib\site-packages\starlette\_exception_handler.py", line 53, in wrapped_app
    raise exc
  File "C:\Users\srika\AppData\Local\Programs\Python\Python311\Lib\site-packages\starlette\_exception_handler.py", line 42, in wrapped_app
    await app(scope, receive, sender)
  File "C:\Users\srika\AppData\Local\Programs\Python\Python311\Lib\site-packages\fastapi\middleware\asyncexitstack.py", line 18, in __call__
    await self.app(scope, receive, send)
  File "C:\Users\srika\AppData\Local\Programs\Python\Python311\Lib\site-packages\starlette\routing.py", line 660, in __call__
    await self.middleware_stack(scope, receive, send)
  File "C:\Users\srika\AppData\Local\Programs\Python\Python311\Lib\site-packages\starlette\routing.py", line 680, in app
    await route.handle(scope, receive, send)
  File "C:\Users\srika\AppData\Local\Programs\Python\Python311\Lib\site-packages\fastapi\routing.py", line 1220, in handle
    await super().handle(scope, receive, send)
  File "C:\Users\srika\AppData\Local\Programs\Python\Python311\Lib\site-packages\starlette\routing.py", line 276, in handle
    await self.app(scope, receive, send)
  File "C:\Users\srika\AppData\Local\Programs\Python\Python311\Lib\site-packages\fastapi\routing.py", line 143, in app
    await wrap_app_handling_exceptions(app, request)(scope, receive, send)
  File "C:\Users\srika\AppData\Local\Programs\Python\Python311\Lib\site-packages\starlette\_exception_handler.py", line 53, in wrapped_app
    raise exc
  File "C:\Users\srika\AppData\Local\Programs\Python\Python311\Lib\site-packages\starlette\_exception_handler.py", line 42, in wrapped_app
    await app(scope, receive, sender)
  File "C:\Users\srika\AppData\Local\Programs\Python\Python311\Lib\site-packages\fastapi\routing.py", line 129, in app
    response = await f(request)
               ^^^^^^^^^^^^^^^^
  File "C:\Users\srika\AppData\Local\Programs\Python\Python311\Lib\site-packages\fastapi\routing.py", line 683, in app
    raw_response = await run_endpoint_function(
                   ^^^^^^^^^^^^^^^^^^^^^^^^^^^^
  File "C:\Users\srika\AppData\Local\Programs\Python\Python311\Lib\site-packages\fastapi\routing.py", line 339, in run_endpoint_function
    return await run_in_threadpool(dependant.call, **values)
           ^^^^^^^^^^^^^^^^^^^^^^^^^^^^^^^^^^^^^^^^^^^^^^^^^
  File "C:\Users\srika\AppData\Local\Programs\Python\Python311\Lib\site-packages\starlette\concurrency.py", line 34, in run_in_threadpool
    return await anyio.to_thread.run_sync(func)
           ^^^^^^^^^^^^^^^^^^^^^^^^^^^^^^^^^^^^
  File "C:\Users\srika\AppData\Local\Programs\Python\Python311\Lib\site-packages\anyio\to_thread.py", line 63, in run_sync
    return await get_async_backend().run_sync_in_worker_thread(
           ^^^^^^^^^^^^^^^^^^^^^^^^^^^^^^^^^^^^^^^^^^^^^^^^^^^^
  File "C:\Users\srika\AppData\Local\Programs\Python\Python311\Lib\site-packages\anyio\_backends\_asyncio.py", line 2592, in run_sync_in_worker_thread
    return await future
           ^^^^^^^^^^^^
  File "C:\Users\srika\AppData\Local\Programs\Python\Python311\Lib\site-packages\anyio\_backends\_asyncio.py", line 1029, in run
    result = context.run(func, *args)
             ^^^^^^^^^^^^^^^^^^^^^^^^
  File "F:\mip\mip_structure\intelligent_platform\mip-enterprise-intelligence\src\mip_intel\api.py", line 600, in stats
    checksum = hashlib.sha256(
           ^^^^^^^^^^^^^^^^^
  File "F:\mip\mip_structure\intelligent_platform\mip-enterprise-intelligence\src\mip_intel\api.py", line 68, in stats
    selected = self.current_run(run_id)
                                 ^^^^^^^
  File "F:\mip\mip_structure\intelligent_platform\mip-enterprise-intelligence\src\mip_intel\api.py", line 58, in current_run
    return selected
                    
  File "F:\mip\mip_structure\intelligent_platform\mip-enterprise-intelligence\src\mip_intel\repositories.py", line 182, in latest_run_id
    ),
  File "F:\mip\mip_structure\intelligent_platform\mip-enterprise-intelligence\src\mip_intel\repositories.py", line 94, in initialize
    def initialize(self) -> None:
            ^^^^^^^^^^^^^^^^^^^^^
sqlite3.OperationalError: database is locked
ERROR:    Exception in ASGI application
Traceback (most recent call last):
  File "C:\Users\srika\AppData\Local\Programs\Python\Python311\Lib\site-packages\uvicorn\protocols\http\h11_impl.py", line 415, in run_asgi
    result = await app(  # type: ignore[func-returns-value]
             ^^^^^^^^^^^^^^^^^^^^^^^^^^^^^^^^^^^^^^^^^^^^^^
  File "C:\Users\srika\AppData\Local\Programs\Python\Python311\Lib\site-packages\uvicorn\middleware\proxy_headers.py", line 62, in __call__
    return await self.app(scope, receive, send)
           ^^^^^^^^^^^^^^^^^^^^^^^^^^^^^^^^^^^^
  File "C:\Users\srika\AppData\Local\Programs\Python\Python311\Lib\site-packages\fastapi\applications.py", line 1162, in __call__
    await super().__call__(scope, receive, send)
  File "C:\Users\srika\AppData\Local\Programs\Python\Python311\Lib\site-packages\starlette\applications.py", line 90, in __call__
    await self.middleware_stack(scope, receive, send)
  File "C:\Users\srika\AppData\Local\Programs\Python\Python311\Lib\site-packages\starlette\middleware\errors.py", line 186, in __call__
    raise exc
  File "C:\Users\srika\AppData\Local\Programs\Python\Python311\Lib\site-packages\starlette\middleware\errors.py", line 164, in __call__
    await self.app(scope, receive, _send)
  File "C:\Users\srika\AppData\Local\Programs\Python\Python311\Lib\site-packages\starlette\middleware\cors.py", line 88, in __call__
    await self.app(scope, receive, send)
  File "C:\Users\srika\AppData\Local\Programs\Python\Python311\Lib\site-packages\starlette\middleware\exceptions.py", line 63, in __call__
    await wrap_app_handling_exceptions(self.app, conn)(scope, receive, send)
  File "C:\Users\srika\AppData\Local\Programs\Python\Python311\Lib\site-packages\starlette\_exception_handler.py", line 53, in wrapped_app
    raise exc
  File "C:\Users\srika\AppData\Local\Programs\Python\Python311\Lib\site-packages\starlette\_exception_handler.py", line 42, in wrapped_app
    await app(scope, receive, sender)
  File "C:\Users\srika\AppData\Local\Programs\Python\Python311\Lib\site-packages\fastapi\middleware\asyncexitstack.py", line 18, in __call__
    await self.app(scope, receive, send)
  File "C:\Users\srika\AppData\Local\Programs\Python\Python311\Lib\site-packages\starlette\routing.py", line 660, in __call__
    await self.middleware_stack(scope, receive, send)
  File "C:\Users\srika\AppData\Local\Programs\Python\Python311\Lib\site-packages\starlette\routing.py", line 680, in app
    await route.handle(scope, receive, send)
  File "C:\Users\srika\AppData\Local\Programs\Python\Python311\Lib\site-packages\fastapi\routing.py", line 1220, in handle
    await super().handle(scope, receive, send)
  File "C:\Users\srika\AppData\Local\Programs\Python\Python311\Lib\site-packages\starlette\routing.py", line 276, in handle
    await self.app(scope, receive, send)
  File "C:\Users\srika\AppData\Local\Programs\Python\Python311\Lib\site-packages\fastapi\routing.py", line 143, in app
    await wrap_app_handling_exceptions(app, request)(scope, receive, send)
  File "C:\Users\srika\AppData\Local\Programs\Python\Python311\Lib\site-packages\starlette\_exception_handler.py", line 53, in wrapped_app
    raise exc
  File "C:\Users\srika\AppData\Local\Programs\Python\Python311\Lib\site-packages\starlette\_exception_handler.py", line 42, in wrapped_app
    await app(scope, receive, sender)
  File "C:\Users\srika\AppData\Local\Programs\Python\Python311\Lib\site-packages\fastapi\routing.py", line 129, in app
    response = await f(request)
               ^^^^^^^^^^^^^^^^
  File "C:\Users\srika\AppData\Local\Programs\Python\Python311\Lib\site-packages\fastapi\routing.py", line 683, in app
    raw_response = await run_endpoint_function(
                   ^^^^^^^^^^^^^^^^^^^^^^^^^^^^
  File "C:\Users\srika\AppData\Local\Programs\Python\Python311\Lib\site-packages\fastapi\routing.py", line 339, in run_endpoint_function
    return await run_in_threadpool(dependant.call, **values)
           ^^^^^^^^^^^^^^^^^^^^^^^^^^^^^^^^^^^^^^^^^^^^^^^^^
  File "C:\Users\srika\AppData\Local\Programs\Python\Python311\Lib\site-packages\starlette\concurrency.py", line 34, in run_in_threadpool
    return await anyio.to_thread.run_sync(func)
           ^^^^^^^^^^^^^^^^^^^^^^^^^^^^^^^^^^^^
  File "C:\Users\srika\AppData\Local\Programs\Python\Python311\Lib\site-packages\anyio\to_thread.py", line 63, in run_sync
    return await get_async_backend().run_sync_in_worker_thread(
           ^^^^^^^^^^^^^^^^^^^^^^^^^^^^^^^^^^^^^^^^^^^^^^^^^^^^
  File "C:\Users\srika\AppData\Local\Programs\Python\Python311\Lib\site-packages\anyio\_backends\_asyncio.py", line 2592, in run_sync_in_worker_thread
    return await future
           ^^^^^^^^^^^^
  File "C:\Users\srika\AppData\Local\Programs\Python\Python311\Lib\site-packages\anyio\_backends\_asyncio.py", line 1029, in run
    result = context.run(func, *args)
             ^^^^^^^^^^^^^^^^^^^^^^^^
  File "F:\mip\mip_structure\intelligent_platform\mip-enterprise-intelligence\src\mip_intel\api.py", line 672, in heatmap
    module = __import__(module_name, fromlist=["analyze"])
  File "F:\mip\mip_structure\intelligent_platform\mip-enterprise-intelligence\src\mip_intel\api.py", line 236, in heatmap
    self,
          
  File "F:\mip\mip_structure\intelligent_platform\mip-enterprise-intelligence\src\mip_intel\api.py", line 58, in current_run
    raise KeyError("no analysis run available")
                     ^^^^^^^^^^^^^^^^^^^^^^^^^^^
  File "F:\mip\mip_structure\intelligent_platform\mip-enterprise-intelligence\src\mip_intel\repositories.py", line 182, in latest_run_id
    counts["binary_count"],
    ^^^^^^^^^^^^^^^^^
  File "F:\mip\mip_structure\intelligent_platform\mip-enterprise-intelligence\src\mip_intel\repositories.py", line 93, in initialize
sqlite3.OperationalError: database is locked
ERROR:    Exception in ASGI application
Traceback (most recent call last):
  File "C:\Users\srika\AppData\Local\Programs\Python\Python311\Lib\site-packages\uvicorn\protocols\http\h11_impl.py", line 415, in run_asgi
    result = await app(  # type: ignore[func-returns-value]
             ^^^^^^^^^^^^^^^^^^^^^^^^^^^^^^^^^^^^^^^^^^^^^^
  File "C:\Users\srika\AppData\Local\Programs\Python\Python311\Lib\site-packages\uvicorn\middleware\proxy_headers.py", line 62, in __call__
    return await self.app(scope, receive, send)
           ^^^^^^^^^^^^^^^^^^^^^^^^^^^^^^^^^^^^
  File "C:\Users\srika\AppData\Local\Programs\Python\Python311\Lib\site-packages\fastapi\applications.py", line 1162, in __call__
    await super().__call__(scope, receive, send)
  File "C:\Users\srika\AppData\Local\Programs\Python\Python311\Lib\site-packages\starlette\applications.py", line 90, in __call__
    await self.middleware_stack(scope, receive, send)
  File "C:\Users\srika\AppData\Local\Programs\Python\Python311\Lib\site-packages\starlette\middleware\errors.py", line 186, in __call__
    raise exc
  File "C:\Users\srika\AppData\Local\Programs\Python\Python311\Lib\site-packages\starlette\middleware\errors.py", line 164, in __call__
    await self.app(scope, receive, _send)
  File "C:\Users\srika\AppData\Local\Programs\Python\Python311\Lib\site-packages\starlette\middleware\cors.py", line 88, in __call__
    await self.app(scope, receive, send)
  File "C:\Users\srika\AppData\Local\Programs\Python\Python311\Lib\site-packages\starlette\middleware\exceptions.py", line 63, in __call__
    await wrap_app_handling_exceptions(self.app, conn)(scope, receive, send)
  File "C:\Users\srika\AppData\Local\Programs\Python\Python311\Lib\site-packages\starlette\_exception_handler.py", line 53, in wrapped_app
    raise exc
  File "C:\Users\srika\AppData\Local\Programs\Python\Python311\Lib\site-packages\starlette\_exception_handler.py", line 42, in wrapped_app
    await app(scope, receive, sender)
  File "C:\Users\srika\AppData\Local\Programs\Python\Python311\Lib\site-packages\fastapi\middleware\asyncexitstack.py", line 18, in __call__
    await self.app(scope, receive, send)
  File "C:\Users\srika\AppData\Local\Programs\Python\Python311\Lib\site-packages\starlette\routing.py", line 660, in __call__
    await self.middleware_stack(scope, receive, send)
  File "C:\Users\srika\AppData\Local\Programs\Python\Python311\Lib\site-packages\starlette\routing.py", line 680, in app
    await route.handle(scope, receive, send)
  File "C:\Users\srika\AppData\Local\Programs\Python\Python311\Lib\site-packages\fastapi\routing.py", line 1220, in handle
    await super().handle(scope, receive, send)
  File "C:\Users\srika\AppData\Local\Programs\Python\Python311\Lib\site-packages\starlette\routing.py", line 276, in handle
    await self.app(scope, receive, send)
  File "C:\Users\srika\AppData\Local\Programs\Python\Python311\Lib\site-packages\fastapi\routing.py", line 143, in app
    await wrap_app_handling_exceptions(app, request)(scope, receive, send)
  File "C:\Users\srika\AppData\Local\Programs\Python\Python311\Lib\site-packages\starlette\_exception_handler.py", line 53, in wrapped_app
    raise exc
  File "C:\Users\srika\AppData\Local\Programs\Python\Python311\Lib\site-packages\starlette\_exception_handler.py", line 42, in wrapped_app
    await app(scope, receive, sender)
  File "C:\Users\srika\AppData\Local\Programs\Python\Python311\Lib\site-packages\fastapi\routing.py", line 129, in app
    response = await f(request)
               ^^^^^^^^^^^^^^^^
  File "C:\Users\srika\AppData\Local\Programs\Python\Python311\Lib\site-packages\fastapi\routing.py", line 683, in app
    raw_response = await run_endpoint_function(
                   ^^^^^^^^^^^^^^^^^^^^^^^^^^^^
  File "C:\Users\srika\AppData\Local\Programs\Python\Python311\Lib\site-packages\fastapi\routing.py", line 339, in run_endpoint_function
    return await run_in_threadpool(dependant.call, **values)
           ^^^^^^^^^^^^^^^^^^^^^^^^^^^^^^^^^^^^^^^^^^^^^^^^^
  File "C:\Users\srika\AppData\Local\Programs\Python\Python311\Lib\site-packages\starlette\concurrency.py", line 34, in run_in_threadpool
    return await anyio.to_thread.run_sync(func)
           ^^^^^^^^^^^^^^^^^^^^^^^^^^^^^^^^^^^^
  File "C:\Users\srika\AppData\Local\Programs\Python\Python311\Lib\site-packages\anyio\to_thread.py", line 63, in run_sync
    return await get_async_backend().run_sync_in_worker_thread(
           ^^^^^^^^^^^^^^^^^^^^^^^^^^^^^^^^^^^^^^^^^^^^^^^^^^^^
  File "C:\Users\srika\AppData\Local\Programs\Python\Python311\Lib\site-packages\anyio\_backends\_asyncio.py", line 2592, in run_sync_in_worker_thread
    return await future
           ^^^^^^^^^^^^
  File "C:\Users\srika\AppData\Local\Programs\Python\Python311\Lib\site-packages\anyio\_backends\_asyncio.py", line 1029, in run
    result = context.run(func, *args)
             ^^^^^^^^^^^^^^^^^^^^^^^^
  File "F:\mip\mip_structure\intelligent_platform\mip-enterprise-intelligence\src\mip_intel\api.py", line 628, in service_candidates
    items.insert(
       ^^^^^^^^^^^
  File "F:\mip\mip_structure\intelligent_platform\mip-enterprise-intelligence\src\mip_intel\api.py", line 190, in service_candidates
    ORDER BY SUM(elapsed_ms) DESC
                                  
  File "F:\mip\mip_structure\intelligent_platform\mip-enterprise-intelligence\src\mip_intel\api.py", line 58, in current_run
    raise KeyError("no analysis run available")
                     ^^^^^^^^^^^^^^^^^^^^^^^^^^^
  File "F:\mip\mip_structure\intelligent_platform\mip-enterprise-intelligence\src\mip_intel\repositories.py", line 182, in latest_run_id
    counts["binary_count"],
    ^^^^^^^^^^^^^^^^^
  File "F:\mip\mip_structure\intelligent_platform\mip-enterprise-intelligence\src\mip_intel\repositories.py", line 93, in initialize
sqlite3.OperationalError: database is locked
ERROR:    Exception in ASGI application
Traceback (most recent call last):
  File "C:\Users\srika\AppData\Local\Programs\Python\Python311\Lib\site-packages\uvicorn\protocols\http\h11_impl.py", line 415, in run_asgi
    result = await app(  # type: ignore[func-returns-value]
             ^^^^^^^^^^^^^^^^^^^^^^^^^^^^^^^^^^^^^^^^^^^^^^
  File "C:\Users\srika\AppData\Local\Programs\Python\Python311\Lib\site-packages\uvicorn\middleware\proxy_headers.py", line 62, in __call__
    return await self.app(scope, receive, send)
           ^^^^^^^^^^^^^^^^^^^^^^^^^^^^^^^^^^^^
  File "C:\Users\srika\AppData\Local\Programs\Python\Python311\Lib\site-packages\fastapi\applications.py", line 1162, in __call__
    await super().__call__(scope, receive, send)
  File "C:\Users\srika\AppData\Local\Programs\Python\Python311\Lib\site-packages\starlette\applications.py", line 90, in __call__
    await self.middleware_stack(scope, receive, send)
  File "C:\Users\srika\AppData\Local\Programs\Python\Python311\Lib\site-packages\starlette\middleware\errors.py", line 186, in __call__
    raise exc
  File "C:\Users\srika\AppData\Local\Programs\Python\Python311\Lib\site-packages\starlette\middleware\errors.py", line 164, in __call__
    await self.app(scope, receive, _send)
  File "C:\Users\srika\AppData\Local\Programs\Python\Python311\Lib\site-packages\starlette\middleware\cors.py", line 88, in __call__
    await self.app(scope, receive, send)
  File "C:\Users\srika\AppData\Local\Programs\Python\Python311\Lib\site-packages\starlette\middleware\exceptions.py", line 63, in __call__
    await wrap_app_handling_exceptions(self.app, conn)(scope, receive, send)
  File "C:\Users\srika\AppData\Local\Programs\Python\Python311\Lib\site-packages\starlette\_exception_handler.py", line 53, in wrapped_app
    raise exc
  File "C:\Users\srika\AppData\Local\Programs\Python\Python311\Lib\site-packages\starlette\_exception_handler.py", line 42, in wrapped_app
    await app(scope, receive, sender)
  File "C:\Users\srika\AppData\Local\Programs\Python\Python311\Lib\site-packages\fastapi\middleware\asyncexitstack.py", line 18, in __call__
    await self.app(scope, receive, send)
  File "C:\Users\srika\AppData\Local\Programs\Python\Python311\Lib\site-packages\starlette\routing.py", line 660, in __call__
    await self.middleware_stack(scope, receive, send)
  File "C:\Users\srika\AppData\Local\Programs\Python\Python311\Lib\site-packages\starlette\routing.py", line 680, in app
    await route.handle(scope, receive, send)
  File "C:\Users\srika\AppData\Local\Programs\Python\Python311\Lib\site-packages\fastapi\routing.py", line 1220, in handle
    await super().handle(scope, receive, send)
  File "C:\Users\srika\AppData\Local\Programs\Python\Python311\Lib\site-packages\starlette\routing.py", line 276, in handle
    await self.app(scope, receive, send)
  File "C:\Users\srika\AppData\Local\Programs\Python\Python311\Lib\site-packages\fastapi\routing.py", line 143, in app
    await wrap_app_handling_exceptions(app, request)(scope, receive, send)
  File "C:\Users\srika\AppData\Local\Programs\Python\Python311\Lib\site-packages\starlette\_exception_handler.py", line 53, in wrapped_app
    raise exc
  File "C:\Users\srika\AppData\Local\Programs\Python\Python311\Lib\site-packages\starlette\_exception_handler.py", line 42, in wrapped_app
    await app(scope, receive, sender)
  File "C:\Users\srika\AppData\Local\Programs\Python\Python311\Lib\site-packages\fastapi\routing.py", line 129, in app
    response = await f(request)
               ^^^^^^^^^^^^^^^^
  File "C:\Users\srika\AppData\Local\Programs\Python\Python311\Lib\site-packages\fastapi\routing.py", line 683, in app
    raw_response = await run_endpoint_function(
                   ^^^^^^^^^^^^^^^^^^^^^^^^^^^^
  File "C:\Users\srika\AppData\Local\Programs\Python\Python311\Lib\site-packages\fastapi\routing.py", line 339, in run_endpoint_function
    return await run_in_threadpool(dependant.call, **values)
           ^^^^^^^^^^^^^^^^^^^^^^^^^^^^^^^^^^^^^^^^^^^^^^^^^
  File "C:\Users\srika\AppData\Local\Programs\Python\Python311\Lib\site-packages\starlette\concurrency.py", line 34, in run_in_threadpool
    return await anyio.to_thread.run_sync(func)
           ^^^^^^^^^^^^^^^^^^^^^^^^^^^^^^^^^^^^
  File "C:\Users\srika\AppData\Local\Programs\Python\Python311\Lib\site-packages\anyio\to_thread.py", line 63, in run_sync
    return await get_async_backend().run_sync_in_worker_thread(
           ^^^^^^^^^^^^^^^^^^^^^^^^^^^^^^^^^^^^^^^^^^^^^^^^^^^^
  File "C:\Users\srika\AppData\Local\Programs\Python\Python311\Lib\site-packages\anyio\_backends\_asyncio.py", line 2592, in run_sync_in_worker_thread
    return await future
           ^^^^^^^^^^^^
  File "C:\Users\srika\AppData\Local\Programs\Python\Python311\Lib\site-packages\anyio\_backends\_asyncio.py", line 1029, in run
    result = context.run(func, *args)
             ^^^^^^^^^^^^^^^^^^^^^^^^
  File "F:\mip\mip_structure\intelligent_platform\mip-enterprise-intelligence\src\mip_intel\api.py", line 732, in insights
    "truncated": len(assets) < total_assets or len(relationships) < total_relationships,
       ^^^^^^^^^^^^^^^^^^^^^^^^^^^
  File "F:\mip\mip_structure\intelligent_platform\mip-enterprise-intelligence\src\mip_intel\api.py", line 375, in insights
    ELSE 5
  File "F:\mip\mip_structure\intelligent_platform\mip-enterprise-intelligence\src\mip_intel\api.py", line 58, in current_run
    raise KeyError("no analysis run available")
                     ^^^^^^^^^^^^^^^^^^^^^^^^^^^
  File "F:\mip\mip_structure\intelligent_platform\mip-enterprise-intelligence\src\mip_intel\repositories.py", line 182, in latest_run_id
    counts["binary_count"],
    ^^^^^^^^^^^^^^^^^
  File "F:\mip\mip_structure\intelligent_platform\mip-enterprise-intelligence\src\mip_intel\repositories.py", line 93, in initialize
sqlite3.OperationalError: database is locked
ERROR:    Exception in ASGI application
Traceback (most recent call last):
  File "C:\Users\srika\AppData\Local\Programs\Python\Python311\Lib\site-packages\uvicorn\protocols\http\h11_impl.py", line 415, in run_asgi
    result = await app(  # type: ignore[func-returns-value]
             ^^^^^^^^^^^^^^^^^^^^^^^^^^^^^^^^^^^^^^^^^^^^^^
  File "C:\Users\srika\AppData\Local\Programs\Python\Python311\Lib\site-packages\uvicorn\middleware\proxy_headers.py", line 62, in __call__
    return await self.app(scope, receive, send)
           ^^^^^^^^^^^^^^^^^^^^^^^^^^^^^^^^^^^^
  File "C:\Users\srika\AppData\Local\Programs\Python\Python311\Lib\site-packages\fastapi\applications.py", line 1162, in __call__
    await super().__call__(scope, receive, send)
  File "C:\Users\srika\AppData\Local\Programs\Python\Python311\Lib\site-packages\starlette\applications.py", line 90, in __call__
    await self.middleware_stack(scope, receive, send)
  File "C:\Users\srika\AppData\Local\Programs\Python\Python311\Lib\site-packages\starlette\middleware\errors.py", line 186, in __call__
    raise exc
  File "C:\Users\srika\AppData\Local\Programs\Python\Python311\Lib\site-packages\starlette\middleware\errors.py", line 164, in __call__
    await self.app(scope, receive, _send)
  File "C:\Users\srika\AppData\Local\Programs\Python\Python311\Lib\site-packages\starlette\middleware\cors.py", line 88, in __call__
    await self.app(scope, receive, send)
  File "C:\Users\srika\AppData\Local\Programs\Python\Python311\Lib\site-packages\starlette\middleware\exceptions.py", line 63, in __call__
    await wrap_app_handling_exceptions(self.app, conn)(scope, receive, send)
  File "C:\Users\srika\AppData\Local\Programs\Python\Python311\Lib\site-packages\starlette\_exception_handler.py", line 53, in wrapped_app
    raise exc
  File "C:\Users\srika\AppData\Local\Programs\Python\Python311\Lib\site-packages\starlette\_exception_handler.py", line 42, in wrapped_app
    await app(scope, receive, sender)
  File "C:\Users\srika\AppData\Local\Programs\Python\Python311\Lib\site-packages\fastapi\middleware\asyncexitstack.py", line 18, in __call__
    await self.app(scope, receive, send)
  File "C:\Users\srika\AppData\Local\Programs\Python\Python311\Lib\site-packages\starlette\routing.py", line 660, in __call__
    await self.middleware_stack(scope, receive, send)
  File "C:\Users\srika\AppData\Local\Programs\Python\Python311\Lib\site-packages\starlette\routing.py", line 680, in app
    await route.handle(scope, receive, send)
  File "C:\Users\srika\AppData\Local\Programs\Python\Python311\Lib\site-packages\fastapi\routing.py", line 1220, in handle
    await super().handle(scope, receive, send)
  File "C:\Users\srika\AppData\Local\Programs\Python\Python311\Lib\site-packages\starlette\routing.py", line 276, in handle
    await self.app(scope, receive, send)
  File "C:\Users\srika\AppData\Local\Programs\Python\Python311\Lib\site-packages\fastapi\routing.py", line 143, in app
    await wrap_app_handling_exceptions(app, request)(scope, receive, send)
  File "C:\Users\srika\AppData\Local\Programs\Python\Python311\Lib\site-packages\starlette\_exception_handler.py", line 53, in wrapped_app
    raise exc
  File "C:\Users\srika\AppData\Local\Programs\Python\Python311\Lib\site-packages\starlette\_exception_handler.py", line 42, in wrapped_app
    await app(scope, receive, sender)
  File "C:\Users\srika\AppData\Local\Programs\Python\Python311\Lib\site-packages\fastapi\routing.py", line 129, in app
    response = await f(request)
               ^^^^^^^^^^^^^^^^
  File "C:\Users\srika\AppData\Local\Programs\Python\Python311\Lib\site-packages\fastapi\routing.py", line 683, in app
    raw_response = await run_endpoint_function(
                   ^^^^^^^^^^^^^^^^^^^^^^^^^^^^
  File "C:\Users\srika\AppData\Local\Programs\Python\Python311\Lib\site-packages\fastapi\routing.py", line 339, in run_endpoint_function
    return await run_in_threadpool(dependant.call, **values)
           ^^^^^^^^^^^^^^^^^^^^^^^^^^^^^^^^^^^^^^^^^^^^^^^^^
  File "C:\Users\srika\AppData\Local\Programs\Python\Python311\Lib\site-packages\starlette\concurrency.py", line 34, in run_in_threadpool
    return await anyio.to_thread.run_sync(func)
           ^^^^^^^^^^^^^^^^^^^^^^^^^^^^^^^^^^^^
  File "C:\Users\srika\AppData\Local\Programs\Python\Python311\Lib\site-packages\anyio\to_thread.py", line 63, in run_sync
    return await get_async_backend().run_sync_in_worker_thread(
           ^^^^^^^^^^^^^^^^^^^^^^^^^^^^^^^^^^^^^^^^^^^^^^^^^^^^
  File "C:\Users\srika\AppData\Local\Programs\Python\Python311\Lib\site-packages\anyio\_backends\_asyncio.py", line 2592, in run_sync_in_worker_thread
    return await future
           ^^^^^^^^^^^^
  File "C:\Users\srika\AppData\Local\Programs\Python\Python311\Lib\site-packages\anyio\_backends\_asyncio.py", line 1029, in run
    result = context.run(func, *args)
             ^^^^^^^^^^^^^^^^^^^^^^^^
  File "F:\mip\mip_structure\intelligent_platform\mip-enterprise-intelligence\src\mip_intel\api.py", line 620, in clusters
    f"{cluster.get('unresolved_count', 0)} unresolved relationships."
    ^^^^^^^^^^^^^^^^^^^^^^^^^^^
  File "F:\mip\mip_structure\intelligent_platform\mip-enterprise-intelligence\src\mip_intel\api.py", line 184, in clusters
    """
        
  File "F:\mip\mip_structure\intelligent_platform\mip-enterprise-intelligence\src\mip_intel\api.py", line 58, in current_run
    raise KeyError("no analysis run available")
                     ^^^^^^^^^^^^^^^^^^^^^^^^^^^
  File "F:\mip\mip_structure\intelligent_platform\mip-enterprise-intelligence\src\mip_intel\repositories.py", line 182, in latest_run_id
    counts["binary_count"],
    ^^^^^^^^^^^^^^^^^
  File "F:\mip\mip_structure\intelligent_platform\mip-enterprise-intelligence\src\mip_intel\repositories.py", line 93, in initialize
sqlite3.OperationalError: database is locked
ERROR:    Exception in ASGI application
Traceback (most recent call last):
  File "C:\Users\srika\AppData\Local\Programs\Python\Python311\Lib\site-packages\uvicorn\protocols\http\h11_impl.py", line 415, in run_asgi
    result = await app(  # type: ignore[func-returns-value]
             ^^^^^^^^^^^^^^^^^^^^^^^^^^^^^^^^^^^^^^^^^^^^^^
  File "C:\Users\srika\AppData\Local\Programs\Python\Python311\Lib\site-packages\uvicorn\middleware\proxy_headers.py", line 62, in __call__
    return await self.app(scope, receive, send)
           ^^^^^^^^^^^^^^^^^^^^^^^^^^^^^^^^^^^^
  File "C:\Users\srika\AppData\Local\Programs\Python\Python311\Lib\site-packages\fastapi\applications.py", line 1162, in __call__
    await super().__call__(scope, receive, send)
  File "C:\Users\srika\AppData\Local\Programs\Python\Python311\Lib\site-packages\starlette\applications.py", line 90, in __call__
    await self.middleware_stack(scope, receive, send)
  File "C:\Users\srika\AppData\Local\Programs\Python\Python311\Lib\site-packages\starlette\middleware\errors.py", line 186, in __call__
    raise exc
  File "C:\Users\srika\AppData\Local\Programs\Python\Python311\Lib\site-packages\starlette\middleware\errors.py", line 164, in __call__
    await self.app(scope, receive, _send)
  File "C:\Users\srika\AppData\Local\Programs\Python\Python311\Lib\site-packages\starlette\middleware\cors.py", line 88, in __call__
    await self.app(scope, receive, send)
  File "C:\Users\srika\AppData\Local\Programs\Python\Python311\Lib\site-packages\starlette\middleware\exceptions.py", line 63, in __call__
    await wrap_app_handling_exceptions(self.app, conn)(scope, receive, send)
  File "C:\Users\srika\AppData\Local\Programs\Python\Python311\Lib\site-packages\starlette\_exception_handler.py", line 53, in wrapped_app
    raise exc
  File "C:\Users\srika\AppData\Local\Programs\Python\Python311\Lib\site-packages\starlette\_exception_handler.py", line 42, in wrapped_app
    await app(scope, receive, sender)
  File "C:\Users\srika\AppData\Local\Programs\Python\Python311\Lib\site-packages\fastapi\middleware\asyncexitstack.py", line 18, in __call__
    await self.app(scope, receive, send)
  File "C:\Users\srika\AppData\Local\Programs\Python\Python311\Lib\site-packages\starlette\routing.py", line 660, in __call__
    await self.middleware_stack(scope, receive, send)
  File "C:\Users\srika\AppData\Local\Programs\Python\Python311\Lib\site-packages\starlette\routing.py", line 680, in app
    await route.handle(scope, receive, send)
  File "C:\Users\srika\AppData\Local\Programs\Python\Python311\Lib\site-packages\fastapi\routing.py", line 1220, in handle
    await super().handle(scope, receive, send)
  File "C:\Users\srika\AppData\Local\Programs\Python\Python311\Lib\site-packages\starlette\routing.py", line 276, in handle
    await self.app(scope, receive, send)
  File "C:\Users\srika\AppData\Local\Programs\Python\Python311\Lib\site-packages\fastapi\routing.py", line 143, in app
    await wrap_app_handling_exceptions(app, request)(scope, receive, send)
  File "C:\Users\srika\AppData\Local\Programs\Python\Python311\Lib\site-packages\starlette\_exception_handler.py", line 53, in wrapped_app
    raise exc
  File "C:\Users\srika\AppData\Local\Programs\Python\Python311\Lib\site-packages\starlette\_exception_handler.py", line 42, in wrapped_app
    await app(scope, receive, sender)
  File "C:\Users\srika\AppData\Local\Programs\Python\Python311\Lib\site-packages\fastapi\routing.py", line 129, in app
    response = await f(request)
               ^^^^^^^^^^^^^^^^
  File "C:\Users\srika\AppData\Local\Programs\Python\Python311\Lib\site-packages\fastapi\routing.py", line 683, in app
    raw_response = await run_endpoint_function(
                   ^^^^^^^^^^^^^^^^^^^^^^^^^^^^
  File "C:\Users\srika\AppData\Local\Programs\Python\Python311\Lib\site-packages\fastapi\routing.py", line 339, in run_endpoint_function
    return await run_in_threadpool(dependant.call, **values)
           ^^^^^^^^^^^^^^^^^^^^^^^^^^^^^^^^^^^^^^^^^^^^^^^^^
  File "C:\Users\srika\AppData\Local\Programs\Python\Python311\Lib\site-packages\starlette\concurrency.py", line 34, in run_in_threadpool
    return await anyio.to_thread.run_sync(func)
           ^^^^^^^^^^^^^^^^^^^^^^^^^^^^^^^^^^^^
  File "C:\Users\srika\AppData\Local\Programs\Python\Python311\Lib\site-packages\anyio\to_thread.py", line 63, in run_sync
    return await get_async_backend().run_sync_in_worker_thread(
           ^^^^^^^^^^^^^^^^^^^^^^^^^^^^^^^^^^^^^^^^^^^^^^^^^^^^
  File "C:\Users\srika\AppData\Local\Programs\Python\Python311\Lib\site-packages\anyio\_backends\_asyncio.py", line 2592, in run_sync_in_worker_thread
    return await future
           ^^^^^^^^^^^^
  File "C:\Users\srika\AppData\Local\Programs\Python\Python311\Lib\site-packages\anyio\_backends\_asyncio.py", line 1029, in run
    result = context.run(func, *args)
             ^^^^^^^^^^^^^^^^^^^^^^^^
  File "F:\mip\mip_structure\intelligent_platform\mip-enterprise-intelligence\src\mip_intel\api.py", line 612, in validate
    items.append(
       ^^^^^^^^^^^
  File "F:\mip\mip_structure\intelligent_platform\mip-enterprise-intelligence\src\mip_intel\api.py", line 71, in validate
    with self.repository.connect() as conn:
               ^^^^^^^^^^^^^^^^^^^^^^^^
  File "F:\mip\mip_structure\intelligent_platform\mip-enterprise-intelligence\src\mip_intel\api.py", line 58, in current_run
    raise KeyError("no analysis run available")
                     ^^^^^^^^^^^^^^^^^^^^^^^^^^^
  File "F:\mip\mip_structure\intelligent_platform\mip-enterprise-intelligence\src\mip_intel\repositories.py", line 182, in latest_run_id
    counts["binary_count"],
    ^^^^^^^^^^^^^^^^^
  File "F:\mip\mip_structure\intelligent_platform\mip-enterprise-intelligence\src\mip_intel\repositories.py", line 93, in initialize
sqlite3.OperationalError: database is locked
